Arguments: 
  /usr/local/bin/node /usr/local/bin/yarn

PATH: 
  /Users/wassimchegham/Downloads/emsdk_portable/emscripten/1.35.0:/Users/wassimchegham/Downloads/emsdk_portable:/Users/wassimchegham/Sandbox/sdk/go_appengine:/Users/wassimchegham/Sandbox/sdk/google-cloud-sdk/bin:/usr/local/bin:/usr/bin:/bin:/usr/sbin:/sbin:/Users/wassimchegham/Library/Android/sdk/platform-tools:/Users/wassimchegham/Library/Android/sdk/tools

Yarn version: 
  0.16.1

Node version: 
  6.9.5

Platform: 
  darwin x64

npm manifest: 
  {
      "name": "@manekinekko/angular-web-bluetooth-starter",
      "version": "0.1.0",
      "license": "MIT",
      "scripts": {
          "ng": "ng",
          "start": "ng serve",
          "build": "ng build",
          "test": "ng test",
          "lint": "ng lint",
          "e2e": "ng e2e"
      },
      "private": false,
      "dependencies": {
          "@angular/common": ">=4.0.0-beta <5.0.0",
          "@angular/compiler": ">=4.0.0-beta <5.0.0",
          "@angular/core": ">=4.0.0-beta <5.0.0",
          "@angular/forms": ">=4.0.0-beta <5.0.0",
          "@angular/http": ">=4.0.0-beta <5.0.0",
          "@angular/platform-browser": ">=4.0.0-beta <5.0.0",
          "@angular/platform-browser-dynamic": ">=4.0.0-beta <5.0.0",
          "@angular/router": ">=4.0.0-beta <5.0.0",
          "core-js": "^2.4.1",
          "rxjs": "^5.1.0",
          "zone.js": "^0.7.6",
          "ts-helpers": "^1.1.1",
          "@manekinekko/angular-web-bluetooth": "^0.4.2",
          "@types/web-bluetooth": "^0.0.2",
      },
      "devDependencies": {
          "@angular/cli": "1.0.0-rc.0",
          "@angular/compiler-cli": ">=4.0.0-beta <5.0.0",
          "@types/jasmine": "2.5.38",
          "@types/node": "~6.0.60",
          "codelyzer": "~2.0.0",
          "jasmine-core": "~2.5.2",
          "jasmine-spec-reporter": "~3.2.0",
          "karma": "~1.4.1",
          "karma-chrome-launcher": "~2.0.0",
          "karma-cli": "~1.0.1",
          "karma-jasmine": "~1.1.0",
          "karma-jasmine-html-reporter": "^0.2.2",
          "karma-coverage-istanbul-reporter": "^0.2.0",
          "protractor": "~5.1.0",
          "ts-node": "~2.0.0",
          "tslint": "~4.4.2",
          "typescript": "~2.1.0"
      }
  }

yarn manifest: 
  No manifest

bower manifest: 
  No manifest

Lockfile: 
  No lockfile

Trace: 
  SyntaxError: /Users/wassimchegham/Sandbox/oss/angular-web-bluetooth-starter/package.json: Unexpected token } in JSON at position 973
      at Object.parse (native)
      at /usr/local/lib/node_modules/yarn/lib/util/fs.js:271:57
      at next (native)
      at step (/usr/local/lib/node_modules/yarn/node_modules/babel-runtime/helpers/asyncToGenerator.js:17:30)
      at /usr/local/lib/node_modules/yarn/node_modules/babel-runtime/helpers/asyncToGenerator.js:28:13
